<?xml version="1.0" encoding="UTF-8"?>
<!-- Generated by org.testng.reporters.JUnitReportReporter -->
<testsuite hostname="DESKTOP-BFV7AEF" failures="0" tests="1" name="com.mmt.flights.Flights" time="2.221" errors="0" timestamp="2024-07-05T18:22:27 IST" skipped="0">
  <testcase classname="com.mmt.flights.Flights" name="Test01" time="2.221"/>
  <system-out/>
</testsuite> <!-- com.mmt.flights.Flights -->
