<?xml version="1.0" encoding="UTF-8"?>
<!-- Generated by org.testng.reporters.JUnitReportReporter -->
<testsuite hostname="DESKTOP-BFV7AEF" failures="0" tests="1" name="com.makemytrip.flights.Flights" time="9.243" errors="0" timestamp="2024-10-09T22:18:20 IST" skipped="0">
  <testcase classname="com.makemytrip.flights.Flights" name="filghtTest01" time="9.243"/>
  <system-out/>
</testsuite> <!-- com.makemytrip.flights.Flights -->
