<?xml version="1.0" encoding="UTF-8"?>
<!-- Generated by org.testng.reporters.JUnitReportReporter -->
<testsuite hostname="DESKTOP-BFV7AEF" failures="0" tests="1" name="com.makemytrip.buses.Buses" time="10.531" errors="0" timestamp="2024-10-09T20:03:30 IST" skipped="0">
  <testcase classname="com.makemytrip.buses.Buses" name="busTc_01" time="10.531"/>
  <system-out/>
</testsuite> <!-- com.makemytrip.buses.Buses -->
